 163bits
//////////////////

a[0] = 0x916f05eb9004d9bb;
a[1] = 0x47986b938bc59573;
a[2] = 0x7d8df2384;

b[0] = 0x8917e7656fa52f5b;
b[1] = 0x34443e3e9a7d8ab6;
b[2] = 0x3daf37a0c;

c[0] = 0x54932c7e8fe99908;
c[1] = 0x2d4d2fdd6502d2d6;
c[2] = 0x1699cc452;

a[0] = 0x9004d9bb;
a[1] = 0x916f05eb;
a[2] = 0x8bc59573;
a[3] = 0x47986b93;
a[4] = 0xd8df2384;
a[5] = 0x7;

b[0] = 0x6fa52f5b;
b[1] = 0x8917e765;
b[2] = 0x9a7d8ab6;
b[3] = 0x34443e3e;
b[4] = 0xdaf37a0c;
b[5] = 0x3;

c[0] = 0x8fe99908;
c[1] = 0x54932c7e;
c[2] = 0x6502d2d6;
c[3] = 0x2d4d2fdd;
c[4] = 0x699cc452;
c[5] = 0x1;

//////////////////

a[0] = 0xb904afc9472e42c4;
a[1] = 0x327494db2ffa0114;
a[2] = 0x6f05a0188;

b[0] = 0x4e30eb189c215cce;
b[1] = 0x6c17339522c2ae92;
b[2] = 0x3e4ad7d4a;

c[0] = 0xead77d8ea85f972d;
c[1] = 0x7b1ca61482c9cb8f;
c[2] = 0x76270009f;

a[0] = 0x472e42c4;
a[1] = 0xb904afc9;
a[2] = 0x2ffa0114;
a[3] = 0x327494db;
a[4] = 0xf05a0188;
a[5] = 0x6;

b[0] = 0x9c215cce;
b[1] = 0x4e30eb18;
b[2] = 0x22c2ae92;
b[3] = 0x6c173395;
b[4] = 0xe4ad7d4a;
b[5] = 0x3;

c[0] = 0xa85f972d;
c[1] = 0xead77d8e;
c[2] = 0x82c9cb8f;
c[3] = 0x7b1ca614;
c[4] = 0x6270009f;
c[5] = 0x7;

//////////////////

233bits

//////////////////

a[0] = 0x916f05eb9004d9bb;
a[1] = 0x47986b938bc59573;
a[2] = 0x82dd321fd8df2384;
a[3] = 0x1ec5ee42ab9;

b[0] = 0x8917e7656fa52f5b;
b[1] = 0x34443e3e9a7d8ab6;
b[2] = 0x58377f43daf37a0c;
b[3] = 0xffa2ede4dd;

c[0] = 0x16be85b42017f936;
c[1] = 0xa039f37d6cd093bb;
c[2] = 0x4bcb373eb6b424c6;
c[3] = 0x1c2d456d842;

a[0] = 0x9004d9bb;
a[1] = 0x916f05eb;
a[2] = 0x8bc59573;
a[3] = 0x47986b93;
a[4] = 0xd8df2384;
a[5] = 0x82dd321f;
a[6] = 0x5ee42ab9;
a[7] = 0x1ec;

b[0] = 0x6fa52f5b;
b[1] = 0x8917e765;
b[2] = 0x9a7d8ab6;
b[3] = 0x34443e3e;
b[4] = 0xdaf37a0c;
b[5] = 0x58377f43;
b[6] = 0xa2ede4dd;
b[7] = 0xff;

c[0] = 0x2017f936;
c[1] = 0x16be85b4;
c[2] = 0x6cd093bb;
c[3] = 0xa039f37d;
c[4] = 0xb6b424c6;
c[5] = 0x4bcb373e;
c[6] = 0xd456d842;
c[7] = 0x1c2;

//////////////////

a[0] = 0xb904afc9472e42c4;
a[1] = 0x327494db2ffa0114;
a[2] = 0x3f6be36f05a0188;
a[3] = 0xbeada2ffdf;

b[0] = 0x4e30eb189c215cce;
b[1] = 0x6c17339522c2ae92;
b[2] = 0xae47bf53e4ad7d4a;
b[3] = 0x11121cb9e11;

c[0] = 0x60755650c78cd80f;
c[1] = 0xd35104b849a84fc7;
c[2] = 0xa7a7c0c2c9ac35fd;
c[3] = 0x1702d3f82dd;

a[0] = 0x472e42c4;
a[1] = 0xb904afc9;
a[2] = 0x2ffa0114;
a[3] = 0x327494db;
a[4] = 0xf05a0188;
a[5] = 0x3f6be36;
a[6] = 0xada2ffdf;
a[7] = 0xbe;

b[0] = 0x9c215cce;
b[1] = 0x4e30eb18;
b[2] = 0x22c2ae92;
b[3] = 0x6c173395;
b[4] = 0xe4ad7d4a;
b[5] = 0xae47bf53;
b[6] = 0x21cb9e11;
b[7] = 0x111;

c[0] = 0xc78cd80f;
c[1] = 0x60755650;
c[2] = 0x49a84fc7;
c[3] = 0xd35104b8;
c[4] = 0xc9ac35fd;
c[5] = 0xa7a7c0c2;
c[6] = 0x2d3f82dd;
c[7] = 0x170;

//////////////////
 283 bits

//////////////////

a[0] = 0x916f05eb9004d9bb;
a[1] = 0x47986b938bc59573;
a[2] = 0x82dd321fd8df2384;
a[3] = 0x64fc5ec5ee42ab9;
a[4] = 0xfc2929;

b[0] = 0x8917e7656fa52f5b;
b[1] = 0x34443e3e9a7d8ab6;
b[2] = 0x58377f43daf37a0c;
b[3] = 0xfc37b4ffa2ede4dd;
b[4] = 0x5c6f29f;

c[0] = 0x8f5d67507e7f3b9b;
c[1] = 0x59a9c1dc7612e47a;
c[2] = 0x319bdb3c23c84d12;
c[3] = 0x17b60a186e1398cd;
c[4] = 0x7459dc6;

a[0] = 0x9004d9bb;
a[1] = 0x916f05eb;
a[2] = 0x8bc59573;
a[3] = 0x47986b93;
a[4] = 0xd8df2384;
a[5] = 0x82dd321f;
a[6] = 0x5ee42ab9;
a[7] = 0x64fc5ec;
a[8] = 0xfc2929;
a[9] = 0x0;

b[0] = 0x6fa52f5b;
b[1] = 0x8917e765;
b[2] = 0x9a7d8ab6;
b[3] = 0x34443e3e;
b[4] = 0xdaf37a0c;
b[5] = 0x58377f43;
b[6] = 0xa2ede4dd;
b[7] = 0xfc37b4ff;
b[8] = 0x5c6f29f;
b[9] = 0x0;

c[0] = 0x7e7f3b9b;
c[1] = 0x8f5d6750;
c[2] = 0x7612e47a;
c[3] = 0x59a9c1dc;
c[4] = 0x23c84d12;
c[5] = 0x319bdb3c;
c[6] = 0x6e1398cd;
c[7] = 0x17b60a18;
c[8] = 0x7459dc6;
c[9] = 0x0;

//////////////////

a[0] = 0xb904afc9472e42c4;
a[1] = 0x327494db2ffa0114;
a[2] = 0x3f6be36f05a0188;
a[3] = 0x9357babeada2ffdf;
a[4] = 0x24c3c7d;

b[0] = 0x4e30eb189c215cce;
b[1] = 0x6c17339522c2ae92;
b[2] = 0xae47bf53e4ad7d4a;
b[3] = 0x5dc93d1121cb9e11;
b[4] = 0x29b2378;

c[0] = 0x16a36e631bf85a8d;
c[1] = 0x3ab057d442f33550;
c[2] = 0xb633e0554e0bce63;
c[3] = 0x98fa3eb072a58c08;
c[4] = 0x1b58fe9;

a[0] = 0x472e42c4;
a[1] = 0xb904afc9;
a[2] = 0x2ffa0114;
a[3] = 0x327494db;
a[4] = 0xf05a0188;
a[5] = 0x3f6be36;
a[6] = 0xada2ffdf;
a[7] = 0x9357babe;
a[8] = 0x24c3c7d;
a[9] = 0x0;

b[0] = 0x9c215cce;
b[1] = 0x4e30eb18;
b[2] = 0x22c2ae92;
b[3] = 0x6c173395;
b[4] = 0xe4ad7d4a;
b[5] = 0xae47bf53;
b[6] = 0x21cb9e11;
b[7] = 0x5dc93d11;
b[8] = 0x29b2378;
b[9] = 0x0;

c[0] = 0x1bf85a8d;
c[1] = 0x16a36e63;
c[2] = 0x42f33550;
c[3] = 0x3ab057d4;
c[4] = 0x4e0bce63;
c[5] = 0xb633e055;
c[6] = 0x72a58c08;
c[7] = 0x98fa3eb0;
c[8] = 0x1b58fe9;
c[9] = 0x0;

//////////////////

409bits

//////////////////

a[0] = 0x916f05eb9004d9bb;
a[1] = 0x47986b938bc59573;
a[2] = 0x82dd321fd8df2384;
a[3] = 0x64fc5ec5ee42ab9;
a[4] = 0xca334f0228fc2929;
a[5] = 0xbd17d8b69b422cd9;
a[6] = 0xc43386;

b[0] = 0x8917e7656fa52f5b;
b[1] = 0x34443e3e9a7d8ab6;
b[2] = 0x58377f43daf37a0c;
b[3] = 0xfc37b4ffa2ede4dd;
b[4] = 0x39ae1bb2a5c6f29f;
b[5] = 0x603f07fcd58262f;
b[6] = 0x16b9e86;

c[0] = 0xf1da2236da4876f6;
c[1] = 0x4f5dc72b78da4d8;
c[2] = 0xd3abd70867982053;
c[3] = 0xe1a97c78eecbe32b;
c[4] = 0xebd0ef1915b87bf2;
c[5] = 0xac6f8c897f94ef0c;
c[6] = 0x131512d;

a[0] = 0x9004d9bb;
a[1] = 0x916f05eb;
a[2] = 0x8bc59573;
a[3] = 0x47986b93;
a[4] = 0xd8df2384;
a[5] = 0x82dd321f;
a[6] = 0x5ee42ab9;
a[7] = 0x64fc5ec;
a[8] = 0x28fc2929;
a[9] = 0xca334f02;
a[10] = 0x9b422cd9;
a[11] = 0xbd17d8b6;
a[12] = 0xc43386;
a[13] = 0x0;

b[0] = 0x6fa52f5b;
b[1] = 0x8917e765;
b[2] = 0x9a7d8ab6;
b[3] = 0x34443e3e;
b[4] = 0xdaf37a0c;
b[5] = 0x58377f43;
b[6] = 0xa2ede4dd;
b[7] = 0xfc37b4ff;
b[8] = 0xa5c6f29f;
b[9] = 0x39ae1bb2;
b[10] = 0xcd58262f;
b[11] = 0x603f07f;
b[12] = 0x16b9e86;
b[13] = 0x0;

c[0] = 0xda4876f6;
c[1] = 0xf1da2236;
c[2] = 0xb78da4d8;
c[3] = 0x4f5dc72;
c[4] = 0x67982053;
c[5] = 0xd3abd708;
c[6] = 0xeecbe32b;
c[7] = 0xe1a97c78;
c[8] = 0x15b87bf2;
c[9] = 0xebd0ef19;
c[10] = 0x7f94ef0c;
c[11] = 0xac6f8c89;
c[12] = 0x131512d;
c[13] = 0x0;

//////////////////
