eb_mul

p->x= {0x7155a53f, 0xa73ebc87, 0x825b05b3, 0x463bddc7, 0x9e735929, 0xfded763c, 0x6338cb90, 0x17f29f1d, 0x1bb20ecb, 0xeab747f8, 0x92872ead, 0xf2c6ca6, 0xfc8381, 0x0, 
p->y= {0xdf77849e, 0xe75efd6d, 0x82394517, 0x62f316f7, 0x732a8ff6, 0xd24f6ca, 0x4a0aa093, 0x6ee0ffa2, 0xaffd3b90, 0x111ff5d6, 0xd2d4878, 0xd1561b79, 0xd7420e, 0x0, 
p->z= {0x1, 0x0, 0x0, 0x0, 0x0, 0x0, 0x0, 0x0, 0x0, 0x0, 0x0, 0x0, 0x0, 0x0, 

q->x= {0x731e4a05, 0x2655940b, 0xd9377917, 0xd62395ec, 0x11479296, 0x3dd7402c, 0xa3f11103, 0xffa72f59, 0xd1f51cea, 0xf83ab451, 0xe977060d, 0x1bad2db3, 0x8fb1a0, 0x0, 
q->y= {0xb69149f9, 0xf0e5ae92, 0x7a3bb3fd, 0xf310f703, 0x273af661, 0x814ff6d0, 0x3e88650a, 0xa2eb8cb9, 0x8529c3f9, 0x712ad616, 0x3a95e2af, 0x6358730a, 0x1132ffa, 0x0, 
q->z= {0x1, 0x0, 0x0, 0x0, 0x0, 0x0, 0x0, 0x0, 0x0, 0x0, 0x0, 0x0, 0x0, 0x0, 

n->alloc = 34
n->used  = 7
n->dp= {0xd9a21173, 0x8164cd37, 0x9e052f83, 0x5fa47c3c, 0xf33307be, 0xaad6a612, 0x1e2, 0x0, 0x0, 0x0, 0x0, 0x0, 0x1000000, 0x0, } 
k->dp= {0xb24644c4, 0x359e12ec, 0xb7e69206, 0x44e96ede, 0x1aa4fcef, 0x54507355, 0x986a48c5, 0xdf41c952, 0x94c6dfc1, 0x510f1b0b, 0x22b1b100, 0xbd0ae783, 0xc68fd1, 0x0, }


eb_dbl

p->x= {0x5689d43b, 0xc25078a3, 0xc596028, 0xe6e1fa05, 0xec36ce1c, 0x9c9fc7a6, 0x2fb53ed1, 0x400c5461, 0xced4c9b9, 0x6001ca2, 0x5824c965, 0x75d2b56a, 0x134c3fc, 0x0, 
p->y= {0xf9380cac, 0x5431204f, 0xbc37d469, 0x3ccd9bfe, 0x508a3c70, 0x25b26a74, 0x2cdec343, 0xfcef5c17, 0xc9a513aa, 0x3aa90d39, 0xd97d2cb2, 0x1cefb035, 0xcb8f2f, 0x0, 
p->z= {0x1, 0x0, 0x0, 0x0, 0x0, 0x0, 0x0, 0x0, 0x0, 0x0, 0x0, 0x0, 0x0, 0x0, 

r->x= {0x1f624488, 0x14394ffb, 0xc01607ab, 0xd6d9daf6, 0x79f081f7, 0x982c8fe3, 0xba08041b, 0xe3310b42, 0x47a12f8b, 0xe72e5c6, 0x6edfd4e, 0x60a83bf3, 0x1033b2, 0x0, 
r->y= {0x6c14507c, 0xc8db42cf, 0xae57fd42, 0xfc36f05e, 0x7594532d, 0x94ad6c5, 0x8e170a6f, 0xf3850f3a, 0xae7a572b, 0xfe06bb92, 0xcd09178, 0xacfdb9fb, 0x8101b5, 0x0, 
r->z= {0xd998ad4f, 0x99b4eac1, 0x1060ce07, 0x30e2f5dc, 0x3f6cdc3d, 0xec72032c, 0x4b545141, 0x608b48c5, 0xf0021879, 0x9cdf271c, 0xccad8332, 0x47aae85b, 0x929c38, 0x0, 


eb_add

p->x= {0x5689d43b, 0xc25078a3, 0xc596028, 0xe6e1fa05, 0xec36ce1c, 0x9c9fc7a6, 0x2fb53ed1, 0x400c5461, 0xced4c9b9, 0x6001ca2, 0x5824c965, 0x75d2b56a, 0x134c3fc, 0x0, 
p->y= {0xf9380cac, 0x5431204f, 0xbc37d469, 0x3ccd9bfe, 0x508a3c70, 0x25b26a74, 0x2cdec343, 0xfcef5c17, 0xc9a513aa, 0x3aa90d39, 0xd97d2cb2, 0x1cefb035, 0xcb8f2f, 0x0, 
p->z= {0x1, 0x0, 0x0, 0x0, 0x0, 0x0, 0x0, 0x0, 0x0, 0x0, 0x0, 0x0, 0x0, 0x0, 

q->x= {0x7155a53f, 0xa73ebc87, 0x825b05b3, 0x463bddc7, 0x9e735929, 0xfded763c, 0x6338cb90, 0x17f29f1d, 0x1bb20ecb, 0xeab747f8, 0x92872ead, 0xf2c6ca6, 0xfc8381, 0x0, 
q->y= {0xdf77849e, 0xe75efd6d, 0x82394517, 0x62f316f7, 0x732a8ff6, 0xd24f6ca, 0x4a0aa093, 0x6ee0ffa2, 0xaffd3b90, 0x111ff5d6, 0xd2d4878, 0xd1561b79, 0xd7420e, 0x0, 
q->z= {0x1, 0x0, 0x0, 0x0, 0x0, 0x0, 0x0, 0x0, 0x0, 0x0, 0x0, 0x0, 0x0, 0x0, 

p->x= {0x9490119d, 0x550bd50a, 0xf5e9da83, 0x6c8a2116, 0xa38ab3f5, 0x8431dc77, 0x76bf3cbd, 0x223d783f, 0xb10a50d1, 0xb5d93409, 0x8740af0a, 0x3a97e1ec, 0xab2b05, 0x0, 
p->y= {0x2df75059, 0x8677a5b8, 0x906df5a1, 0x4b9e0765, 0x5f0973e0, 0x2a676a19, 0x3ecb45ed, 0x2964a898, 0x7bf00fa3, 0xed546dc9, 0x4360890, 0x44613574, 0x103adee, 0x0, 
p->z= {0x95ab8230, 0x269d537a, 0xca90a63a, 0xbdbc31d, 0x898a0f6c, 0xe699e27d, 0x38329fcd, 0x5aec346b, 0x276643ea, 0xa0b8297c, 0xb22ebf7c, 0x1aac8f, 0x1e9641d, 0x0, 
