eb_mul

p->x= {0x3638a00e, 0xbb1079ab, 0xd02b778b, 0x38b411ad, 0xb5e0a3a2, 0xb6fb8ddd, 0xe531a140, 0xeb, 
p->y= {0x8f5753bd, 0xf7573b07, 0x527fe95e, 0xbff7cc99, 0x91a50407, 0xfc42fea7, 0xfd702f33, 0x15e, 
p->z= {0x1, 0x0, 0x0, 0x0, 0x0, 0x0, 0x0, 0x0, 

q->x= {0x46d1ac69, 0x94d7ffbe, 0xd18240e6, 0xa0900abf, 0x301f6557, 0x88e7d692, 0x3a13422f, 0x1a7, 
q->y= {0x686f7a51, 0xf8f5666e, 0xc62b2aed, 0xdd244640, 0x23becc07, 0x5e0222af, 0x4b86079f, 0x16b, 
q->z= {0x1, 0x0, 0x0, 0x0, 0x0, 0x0, 0x0, 0x0, 

n->alloc = 34
n->used  = 4
n->dp= {0x3cfe0d7, 0x22031d26, 0xe72f8a69, 0x13e974, 0x0, 0x0, 0x0, 0x100, } 
k->dp= {0xf28ec161, 0xa501d13b, 0x335557fd, 0x7b21c76, 0x6f6899c0, 0x527e29a1, 0x1c9a3364, 0x55, }


eb_dbl

p->x= {0x671ca66e, 0xb416daa2, 0x60d280cf, 0x574243f3, 0xd8745ea4, 0x6de66211, 0xe147a5fd, 0x1b5, 
p->y= {0xe85552de, 0xc5741a15, 0x6fa3888, 0x22e11105, 0x8b29f464, 0x80c2af84, 0xc3b34569, 0xa3, 
p->z= {0x1, 0x0, 0x0, 0x0, 0x0, 0x0, 0x0, 0x0, 

r->x= {0xce8d290a, 0xaa720a3f, 0x13426046, 0x774a0215, 0x602821d4, 0x6d091f8b, 0x3631c2e5, 0x150, 
r->y= {0x74d88ca6, 0x2a2b2982, 0xf14908d5, 0x6bc7b1ff, 0xb34a76c2, 0x9cfe1bab, 0x742b93ae, 0x12e, 
r->z= {0x59588f89, 0x8d49aa62, 0xe383914b, 0x3db6cb61, 0x4a0f469a, 0x36aa5bac, 0xb00dfda5, 0x4, 

eb_add

p->x= {0x671ca66e, 0xb416daa2, 0x60d280cf, 0x574243f3, 0xd8745ea4, 0x6de66211, 0xe147a5fd, 0x1b5, 
p->y= {0xe85552de, 0xc5741a15, 0x6fa3888, 0x22e11105, 0x8b29f464, 0x80c2af84, 0xc3b34569, 0xa3, 
p->z= {0x1, 0x0, 0x0, 0x0, 0x0, 0x0, 0x0, 0x0, 

q->x= {0x3638a00e, 0xbb1079ab, 0xd02b778b, 0x38b411ad, 0xb5e0a3a2, 0xb6fb8ddd, 0xe531a140, 0xeb, 
q->y= {0x8f5753bd, 0xf7573b07, 0x527fe95e, 0xbff7cc99, 0x91a50407, 0xfc42fea7, 0xfd702f33, 0x15e, 
q->z= {0x1, 0x0, 0x0, 0x0, 0x0, 0x0, 0x0, 0x0, 

p->x= {0x78850ae6, 0xc59c5c99, 0xa34f07a9, 0xb06a7095, 0xd3df507f, 0x65e242b2, 0x6d880893, 0x1bb, 
p->y= {0x997355de, 0x61f3fd7b, 0x286a270e, 0xc2c76ddf, 0xbd5e67ac, 0xf1c7bea5, 0x90a6eeda, 0x7b, 
p->z= {0x1e1e2eef, 0xcd2bbc85, 0x44e495f0, 0x21d7ec4, 0xd51b75e0, 0x67aafdc3, 0x198e1bfc, 0x13e, 
