eb_add

p->x= {0x3aba2777, 0x5d3d0d5d, 0x9ae062f9, 0x9ccc05c, 0x4c08f6d, 0x0, 
p->y= {0x9727a252, 0x182f276e, 0x90183030, 0xc614ea30, 0x4417e56, 0x4, 
p->z= {0x1, 0x0, 0x0, 0x0, 0x0, 0x0, 

q->x= {0x95650cc7, 0x2ec24e92, 0xf87d6c2a, 0x3781ae66, 0x129eb5a6, 0x3, 
q->y= {0x70397933, 0x6e81ed8b, 0xd743452b, 0xd928ce35, 0x4a055c33, 0x0, 
q->z= {0x1, 0x0, 0x0, 0x0, 0x0, 0x0, 

p->x= {0xe29ed42d, 0x266e1561, 0x688673cf, 0xfa2bf78e, 0xcd3d798a, 0x6, 
p->y= {0x1947040c, 0xbfe36560, 0x3cecb643, 0x32cdcaec, 0x8029a86a, 0x1, 
p->z= {0x72a797cd, 0x956baad8, 0xca1a4597, 0xee8e0960, 0xb8835d9b, 0x4, 



eb_dbl

p->x= {0x3aba2777, 0x5d3d0d5d, 0x9ae062f9, 0x9ccc05c, 0x4c08f6d, 0x0, 
p->y= {0x9727a252, 0x182f276e, 0x90183030, 0xc614ea30, 0x4417e56, 0x4, 
p->z= {0x1, 0x0, 0x0, 0x0, 0x0, 0x0, 

r->x= {0xab01c57e, 0x6a986064, 0x6859881e, 0x863a7035, 0x469d2868, 0x7, 
r->y= {0xf1647bc0, 0xc9af2053, 0xd2535dca, 0xb300fe14, 0xa5d8266d, 0x5, 
r->z= {0x531e2b95, 0xdf45c9b8, 0x2607ec8c, 0x5ef75412, 0x15918f47, 0x0, 


eb_mul

p->x= {0x95650cc7, 0x2ec24e92, 0xf87d6c2a, 0x3781ae66, 0x129eb5a6, 0x3, 
p->y= {0x70397933, 0x6e81ed8b, 0xd743452b, 0xd928ce35, 0x4a055c33, 0x0, 
p->z= {0x1, 0x0, 0x0, 0x0, 0x0, 0x0, 

q->x= {0x9ab006d4, 0x3a58ecf4, 0x88c00372, 0x536e2166, 0x7e4e35c2, 0x3, 
q->y= {0xc82fa59d, 0xcaef5387, 0x3e44b62b, 0x4024e27a, 0xc1e958a7, 0x0, 
q->z= {0x1, 0x0, 0x0, 0x0, 0x0, 0x0, 

n->alloc = 34
n->used  = 3
n->dp= {0xa4234c33, 0x77e70c12, 0x292fe, 0x0, 0x0, 0x4, } 
k->dp= {0x8fa063d4, 0x290e37e9, 0x91f880a1, 0x1ec5321e, 0xf8208be2, 0x3, }
